# JRE version: OpenJDK Runtime Environment (14.0.2+12) (build 14.0.2+12-46)
# Java VM: OpenJDK 64-Bit Server VM (14.0.2+12-46, mixed mode, tiered, compressed oops, g1 gc, windows-amd64)
Heap:
 garbage-first heap   total 97280K, used 21052K [0x0000000081c00000, 0x0000000100000000)
  region size 1024K, 6 young (6144K), 6 survivors (6144K)
 Metaspace       used 47768K, capacity 48962K, committed 49276K, reserved 1091584K
  class space    used 5819K, capacity 6269K, committed 6348K, reserved 1048576K
GC Heap History (20 events):
Event: 43.870 GC heap after
{Heap after GC invocations=11 (full 0):
 garbage-first heap   total 30720K, used 11019K [0x0000000081c00000, 0x0000000100000000)
  region size 1024K, 2 young (2048K), 2 survivors (2048K)
 Metaspace       used 27468K, capacity 28092K, committed 28156K, reserved 1075200K
  class space    used 3107K, capacity 3362K, committed 3404K, reserved 1048576K
}
Event: 44.142 GC heap before
{Heap before GC invocations=11 (full 0):
 garbage-first heap   total 30720K, used 23307K [0x0000000081c00000, 0x0000000100000000)
  region size 1024K, 15 young (15360K), 2 survivors (2048K)
 Metaspace       used 28978K, capacity 29674K, committed 29948K, reserved 1075200K
  class space    used 3323K, capacity 3589K, committed 3660K, reserved 1048576K
}
Event: 44.145 GC heap after
{Heap after GC invocations=12 (full 0):
 garbage-first heap   total 30720K, used 11791K [0x0000000081c00000, 0x0000000100000000)
  region size 1024K, 2 young (2048K), 2 survivors (2048K)
 Metaspace       used 28978K, capacity 29674K, committed 29948K, reserved 1075200K
  class space    used 3323K, capacity 3589K, committed 3660K, reserved 1048576K
}
Event: 44.329 GC heap before
{Heap before GC invocations=12 (full 0):
 garbage-first heap   total 30720K, used 24079K [0x0000000081c00000, 0x0000000100000000)
  region size 1024K, 14 young (14336K), 2 survivors (2048K)
 Metaspace       used 30412K, capacity 31182K, committed 31484K, reserved 1077248K
  class space    used 3502K, capacity 3790K, committed 3916K, reserved 1048576K
}
Event: 44.332 GC heap after
{Heap after GC invocations=13 (full 0):
 garbage-first heap   total 30720K, used 12332K [0x0000000081c00000, 0x0000000100000000)
  region size 1024K, 2 young (2048K), 2 survivors (2048K)
 Metaspace       used 30412K, capacity 31182K, committed 31484K, reserved 1077248K
  class space    used 3502K, capacity 3790K, committed 3916K, reserved 1048576K
}
Event: 44.510 GC heap before
{Heap before GC invocations=13 (full 0):
 garbage-first heap   total 30720K, used 24620K [0x0000000081c00000, 0x0000000100000000)
  region size 1024K, 14 young (14336K), 2 survivors (2048K)
 Metaspace       used 31627K, capacity 32541K, committed 32636K, reserved 1077248K
  class space    used 3691K, capacity 4020K, committed 4044K, reserved 1048576K
}
Event: 44.513 GC heap after
{Heap after GC invocations=14 (full 0):
 garbage-first heap   total 30720K, used 13505K [0x0000000081c00000, 0x0000000100000000)
  region size 1024K, 2 young (2048K), 2 survivors (2048K)
 Metaspace       used 31627K, capacity 32541K, committed 32636K, reserved 1077248K
  class space    used 3691K, capacity 4020K, committed 4044K, reserved 1048576K
}
Event: 44.725 GC heap before
{Heap before GC invocations=14 (full 0):
 garbage-first heap   total 30720K, used 24769K [0x0000000081c00000, 0x0000000100000000)
  region size 1024K, 13 young (13312K), 2 survivors (2048K)
 Metaspace       used 32844K, capacity 33728K, committed 33788K, reserved 1079296K
  class space    used 3817K, capacity 4137K, committed 4172K, reserved 1048576K
}
Event: 44.727 GC heap after
{Heap after GC invocations=15 (full 0):
 garbage-first heap   total 30720K, used 14654K [0x0000000081c00000, 0x0000000100000000)
  region size 1024K, 2 young (2048K), 2 survivors (2048K)
 Metaspace       used 32844K, capacity 33728K, committed 33788K, reserved 1079296K
  class space    used 3817K, capacity 4137K, committed 4172K, reserved 1048576K
}
Event: 44.908 GC heap before
{Heap before GC invocations=15 (full 0):
 garbage-first heap   total 30720K, used 23870K [0x0000000081c00000, 0x0000000100000000)
  region size 1024K, 11 young (11264K), 2 survivors (2048K)
 Metaspace       used 33434K, capacity 34402K, committed 34428K, reserved 1079296K
  class space    used 3927K, capacity 4278K, committed 4300K, reserved 1048576K
}
Event: 44.911 GC heap after
{Heap after GC invocations=16 (full 0):
 garbage-first heap   total 30720K, used 15166K [0x0000000081c00000, 0x0000000100000000)
  region size 1024K, 2 young (2048K), 2 survivors (2048K)
 Metaspace       used 33434K, capacity 34402K, committed 34428K, reserved 1079296K
  class space    used 3927K, capacity 4278K, committed 4300K, reserved 1048576K
}
Event: 45.211 GC heap before
{Heap before GC invocations=17 (full 0):
 garbage-first heap   total 30720K, used 24382K [0x0000000081c00000, 0x0000000100000000)
  region size 1024K, 11 young (11264K), 2 survivors (2048K)
 Metaspace       used 34736K, capacity 35814K, committed 35964K, reserved 1081344K
  class space    used 4076K, capacity 4451K, committed 4556K, reserved 1048576K
}
Event: 45.213 GC heap after
{Heap after GC invocations=18 (full 0):
 garbage-first heap   total 80896K, used 15814K [0x0000000081c00000, 0x0000000100000000)
  region size 1024K, 2 young (2048K), 2 survivors (2048K)
 Metaspace       used 34736K, capacity 35814K, committed 35964K, reserved 1081344K
  class space    used 4076K, capacity 4451K, committed 4556K, reserved 1048576K
}
Event: 45.348 GC heap before
{Heap before GC invocations=18 (full 0):
 garbage-first heap   total 80896K, used 59846K [0x0000000081c00000, 0x0000000100000000)
  region size 1024K, 46 young (47104K), 2 survivors (2048K)
 Metaspace       used 35433K, capacity 36469K, committed 36732K, reserved 1081344K
  class space    used 4147K, capacity 4520K, committed 4556K, reserved 1048576K
}
Event: 45.350 GC heap after
{Heap after GC invocations=19 (full 0):
 garbage-first heap   total 80896K, used 16054K [0x0000000081c00000, 0x0000000100000000)
  region size 1024K, 2 young (2048K), 2 survivors (2048K)
 Metaspace       used 35433K, capacity 36469K, committed 36732K, reserved 1081344K
  class space    used 4147K, capacity 4520K, committed 4556K, reserved 1048576K
}
Event: 45.523 GC heap before
{Heap before GC invocations=19 (full 0):
 garbage-first heap   total 80896K, used 61110K [0x0000000081c00000, 0x0000000100000000)
  region size 1024K, 47 young (48128K), 2 survivors (2048K)
 Metaspace       used 36324K, capacity 37463K, committed 37628K, reserved 1083392K
  class space    used 4226K, capacity 4659K, committed 4684K, reserved 1048576K
}
Event: 45.526 GC heap after
{Heap after GC invocations=20 (full 0):
 garbage-first heap   total 80896K, used 16485K [0x0000000081c00000, 0x0000000100000000)
  region size 1024K, 2 young (2048K), 2 survivors (2048K)
 Metaspace       used 36324K, capacity 37463K, committed 37628K, reserved 1083392K
  class space    used 4226K, capacity 4659K, committed 4684K, reserved 1048576K
}
Event: 46.294 GC heap before
{Heap before GC invocations=20 (full 0):
 garbage-first heap   total 80896K, used 62565K [0x0000000081c00000, 0x0000000100000000)
  region size 1024K, 47 young (48128K), 2 survivors (2048K)
 Metaspace       used 41943K, capacity 42981K, committed 43132K, reserved 1087488K
  class space    used 4881K, capacity 5283K, committed 5324K, reserved 1048576K
}
Event: 46.298 GC heap after
{Heap after GC invocations=21 (full 0):
 garbage-first heap   total 80896K, used 18947K [0x0000000081c00000, 0x0000000100000000)
  region size 1024K, 5 young (5120K), 5 survivors (5120K)
 Metaspace       used 41943K, capacity 42981K, committed 43132K, reserved 1087488K
  class space    used 4881K, capacity 5283K, committed 5324K, reserved 1048576K
}
Event: 46.871 GC heap before
{Heap before GC invocations=21 (full 0):
 garbage-first heap   total 80896K, used 60931K [0x0000000081c00000, 0x0000000100000000)
  region size 1024K, 47 young (48128K), 5 survivors (5120K)
 Metaspace       used 47768K, capacity 48962K, committed 49276K, reserved 1091584K
  class space    used 5819K, capacity 6269K, committed 6348K, reserved 1048576K
}

