# JRE version: OpenJDK Runtime Environment (14.0.2+12) (build 14.0.2+12-46)
# Java VM: OpenJDK 64-Bit Server VM (14.0.2+12-46, mixed mode, tiered, compressed oops, g1 gc, windows-amd64)
Heap:
 garbage-first heap   total 254976K, used 40521K [0x0000000081c00000, 0x0000000100000000)
  region size 1024K, 8 young (8192K), 8 survivors (8192K)
 Metaspace       used 25869K, capacity 26543K, committed 26748K, reserved 1073152K
  class space    used 2921K, capacity 3166K, committed 3276K, reserved 1048576K
GC Heap History (20 events):
Event: 49.637 GC heap after
{Heap after GC invocations=48 (full 0):
 garbage-first heap   total 169984K, used 32093K [0x0000000081c00000, 0x0000000100000000)
  region size 1024K, 4 young (4096K), 4 survivors (4096K)
 Metaspace       used 24045K, capacity 24582K, committed 24828K, reserved 1071104K
  class space    used 2663K, capacity 2863K, committed 2892K, reserved 1048576K
}
Event: 49.844 GC heap before
{Heap before GC invocations=48 (full 0):
 garbage-first heap   total 169984K, used 129373K [0x0000000081c00000, 0x0000000100000000)
  region size 1024K, 99 young (101376K), 4 survivors (4096K)
 Metaspace       used 24045K, capacity 24582K, committed 24828K, reserved 1071104K
  class space    used 2663K, capacity 2863K, committed 2892K, reserved 1048576K
}
Event: 49.859 GC heap after
{Heap after GC invocations=49 (full 0):
 garbage-first heap   total 169984K, used 32309K [0x0000000081c00000, 0x0000000100000000)
  region size 1024K, 4 young (4096K), 4 survivors (4096K)
 Metaspace       used 24045K, capacity 24582K, committed 24828K, reserved 1071104K
  class space    used 2663K, capacity 2863K, committed 2892K, reserved 1048576K
}
Event: 49.942 GC heap before
{Heap before GC invocations=49 (full 0):
 garbage-first heap   total 169984K, used 129589K [0x0000000081c00000, 0x0000000100000000)
  region size 1024K, 99 young (101376K), 4 survivors (4096K)
 Metaspace       used 24061K, capacity 24582K, committed 24828K, reserved 1071104K
  class space    used 2666K, capacity 2863K, committed 2892K, reserved 1048576K
}
Event: 49.944 GC heap after
{Heap after GC invocations=50 (full 0):
 garbage-first heap   total 169984K, used 32229K [0x0000000081c00000, 0x0000000100000000)
  region size 1024K, 4 young (4096K), 4 survivors (4096K)
 Metaspace       used 24061K, capacity 24582K, committed 24828K, reserved 1071104K
  class space    used 2666K, capacity 2863K, committed 2892K, reserved 1048576K
}
Event: 50.015 GC heap before
{Heap before GC invocations=50 (full 0):
 garbage-first heap   total 169984K, used 129509K [0x0000000081c00000, 0x0000000100000000)
  region size 1024K, 99 young (101376K), 4 survivors (4096K)
 Metaspace       used 24067K, capacity 24582K, committed 24828K, reserved 1071104K
  class space    used 2668K, capacity 2863K, committed 2892K, reserved 1048576K
}
Event: 50.017 GC heap after
{Heap after GC invocations=51 (full 0):
 garbage-first heap   total 169984K, used 32302K [0x0000000081c00000, 0x0000000100000000)
  region size 1024K, 4 young (4096K), 4 survivors (4096K)
 Metaspace       used 24067K, capacity 24582K, committed 24828K, reserved 1071104K
  class space    used 2668K, capacity 2863K, committed 2892K, reserved 1048576K
}
Event: 50.352 GC heap before
{Heap before GC invocations=51 (full 0):
 garbage-first heap   total 169984K, used 129582K [0x0000000081c00000, 0x0000000100000000)
  region size 1024K, 99 young (101376K), 4 survivors (4096K)
 Metaspace       used 24184K, capacity 24758K, committed 24956K, reserved 1071104K
  class space    used 2694K, capacity 2898K, committed 3020K, reserved 1048576K
}
Event: 50.355 GC heap after
{Heap after GC invocations=52 (full 0):
 garbage-first heap   total 169984K, used 33871K [0x0000000081c00000, 0x0000000100000000)
  region size 1024K, 5 young (5120K), 5 survivors (5120K)
 Metaspace       used 24184K, capacity 24758K, committed 24956K, reserved 1071104K
  class space    used 2694K, capacity 2898K, committed 3020K, reserved 1048576K
}
Event: 50.903 GC heap before
{Heap before GC invocations=52 (full 0):
 garbage-first heap   total 169984K, used 130127K [0x0000000081c00000, 0x0000000100000000)
  region size 1024K, 99 young (101376K), 5 survivors (5120K)
 Metaspace       used 24589K, capacity 25159K, committed 25468K, reserved 1071104K
  class space    used 2745K, capacity 2966K, committed 3020K, reserved 1048576K
}
Event: 50.909 GC heap after
{Heap after GC invocations=53 (full 0):
 garbage-first heap   total 169984K, used 35759K [0x0000000081c00000, 0x0000000100000000)
  region size 1024K, 7 young (7168K), 7 survivors (7168K)
 Metaspace       used 24589K, capacity 25159K, committed 25468K, reserved 1071104K
  class space    used 2745K, capacity 2966K, committed 3020K, reserved 1048576K
}
Event: 51.217 GC heap before
{Heap before GC invocations=53 (full 0):
 garbage-first heap   total 169984K, used 129967K [0x0000000081c00000, 0x0000000100000000)
  region size 1024K, 99 young (101376K), 7 survivors (7168K)
 Metaspace       used 24592K, capacity 25159K, committed 25468K, reserved 1071104K
  class space    used 2747K, capacity 2966K, committed 3020K, reserved 1048576K
}
Event: 51.222 GC heap after
{Heap after GC invocations=54 (full 0):
 garbage-first heap   total 211968K, used 36125K [0x0000000081c00000, 0x0000000100000000)
  region size 1024K, 7 young (7168K), 7 survivors (7168K)
 Metaspace       used 24592K, capacity 25159K, committed 25468K, reserved 1071104K
  class space    used 2747K, capacity 2966K, committed 3020K, reserved 1048576K
}
Event: 51.599 GC heap before
{Heap before GC invocations=54 (full 0):
 garbage-first heap   total 211968K, used 155933K [0x0000000081c00000, 0x0000000100000000)
  region size 1024K, 124 young (126976K), 7 survivors (7168K)
 Metaspace       used 24592K, capacity 25159K, committed 25468K, reserved 1071104K
  class space    used 2747K, capacity 2966K, committed 3020K, reserved 1048576K
}
Event: 51.604 GC heap after
{Heap after GC invocations=55 (full 0):
 garbage-first heap   total 211968K, used 36486K [0x0000000081c00000, 0x0000000100000000)
  region size 1024K, 8 young (8192K), 8 survivors (8192K)
 Metaspace       used 24592K, capacity 25159K, committed 25468K, reserved 1071104K
  class space    used 2747K, capacity 2966K, committed 3020K, reserved 1048576K
}
Event: 52.024 GC heap before
{Heap before GC invocations=55 (full 0):
 garbage-first heap   total 211968K, used 155270K [0x0000000081c00000, 0x0000000100000000)
  region size 1024K, 124 young (126976K), 8 survivors (8192K)
 Metaspace       used 24601K, capacity 25223K, committed 25468K, reserved 1071104K
  class space    used 2748K, capacity 2966K, committed 3020K, reserved 1048576K
}
Event: 52.029 GC heap after
{Heap after GC invocations=56 (full 0):
 garbage-first heap   total 211968K, used 37646K [0x0000000081c00000, 0x0000000100000000)
  region size 1024K, 9 young (9216K), 9 survivors (9216K)
 Metaspace       used 24601K, capacity 25223K, committed 25468K, reserved 1071104K
  class space    used 2748K, capacity 2966K, committed 3020K, reserved 1048576K
}
Event: 52.846 GC heap before
{Heap before GC invocations=56 (full 0):
 garbage-first heap   total 211968K, used 155406K [0x0000000081c00000, 0x0000000100000000)
  region size 1024K, 124 young (126976K), 9 survivors (9216K)
 Metaspace       used 25867K, capacity 26543K, committed 26748K, reserved 1073152K
  class space    used 2921K, capacity 3166K, committed 3276K, reserved 1048576K
}
Event: 52.853 GC heap after
{Heap after GC invocations=57 (full 0):
 garbage-first heap   total 211968K, used 41097K [0x0000000081c00000, 0x0000000100000000)
  region size 1024K, 12 young (12288K), 12 survivors (12288K)
 Metaspace       used 25867K, capacity 26543K, committed 26748K, reserved 1073152K
  class space    used 2921K, capacity 3166K, committed 3276K, reserved 1048576K
}
Event: 53.054 GC heap before
{Heap before GC invocations=57 (full 0):
 garbage-first heap   total 211968K, used 155785K [0x0000000081c00000, 0x0000000100000000)
  region size 1024K, 124 young (126976K), 12 survivors (12288K)
 Metaspace       used 25869K, capacity 26543K, committed 26748K, reserved 1073152K
  class space    used 2921K, capacity 3166K, committed 3276K, reserved 1048576K
}

